<?xml version="1.0" encoding="UTF-8"?>
<testng-results ignored="0" total="1" passed="1" failed="0" skipped="0">
  <reporter-output>
  </reporter-output>
  <suite started-at="2025-08-13T19:14:44Z" name="Surefire suite" finished-at="2025-08-13T19:15:13Z" duration-ms="28622">
    <groups>
      <group name="cucumber">
        <method signature="AbstractTestNGCucumberTests.runScenario(cucumber.api.testng.PickleEventWrapper, cucumber.api.testng.CucumberFeatureWrapper)[pri:0, instance:Testrunner.TestSuiterunner@5a4aa2f2]" name="runScenario" class="cucumber.api.testng.AbstractTestNGCucumberTests"/>
      </group> <!-- cucumber -->
    </groups>
    <test started-at="2025-08-13T19:14:44Z" name="Surefire test" finished-at="2025-08-13T19:15:13Z" duration-ms="28622">
      <class name="Testrunner.TestSuiterunner">
        <test-method is-config="true" signature="setUpClass()[pri:0, instance:Testrunner.TestSuiterunner@5a4aa2f2]" started-at="2025-08-13T19:14:44Z" name="setUpClass" finished-at="2025-08-13T19:14:45Z" duration-ms="249" status="PASS">
          <reporter-output>
          </reporter-output>
        </test-method> <!-- setUpClass -->
        <test-method signature="runScenario(cucumber.api.testng.PickleEventWrapper, cucumber.api.testng.CucumberFeatureWrapper)[pri:0, instance:Testrunner.TestSuiterunner@5a4aa2f2]" started-at="2025-08-13T19:14:45Z" name="runScenario" description="Runs Cucumber Scenarios" data-provider="scenarios" finished-at="2025-08-13T19:15:13Z" duration-ms="28243" status="PASS">
          <params>
            <param index="0">
              <value>
                <![CDATA["Verify the documets functionlity"]]>
              </value>
            </param>
            <param index="1">
              <value>
                <![CDATA["Validating the Documets Functionlity"]]>
              </value>
            </param>
          </params>
          <reporter-output>
          </reporter-output>
        </test-method> <!-- runScenario -->
        <test-method is-config="true" signature="tearDownClass()[pri:0, instance:Testrunner.TestSuiterunner@5a4aa2f2]" started-at="2025-08-13T19:15:13Z" name="tearDownClass" finished-at="2025-08-13T19:15:13Z" duration-ms="47" status="PASS">
          <reporter-output>
          </reporter-output>
        </test-method> <!-- tearDownClass -->
      </class> <!-- Testrunner.TestSuiterunner -->
    </test> <!-- Surefire test -->
  </suite> <!-- Surefire suite -->
</testng-results>
