<?xml version="1.0" encoding="UTF-8"?>
<testng-results ignored="0" total="1" passed="1" failed="0" skipped="0">
  <reporter-output>
  </reporter-output>
  <suite started-at="2026-08-06T06:10:22Z" name="Surefire suite" finished-at="2026-08-06T06:11:23Z" duration-ms="60748">
    <groups>
      <group name="cucumber">
        <method signature="AbstractTestNGCucumberTests.runScenario(cucumber.api.testng.PickleEventWrapper, cucumber.api.testng.CucumberFeatureWrapper)[pri:0, instance:Testrunner.TestSuiterunner@4461c7e3]" name="runScenario" class="cucumber.api.testng.AbstractTestNGCucumberTests"/>
      </group> <!-- cucumber -->
    </groups>
    <test started-at="2026-08-06T06:10:22Z" name="Surefire test" finished-at="2026-08-06T06:11:23Z" duration-ms="60748">
      <class name="Testrunner.TestSuiterunner">
        <test-method is-config="true" signature="setUpClass()[pri:0, instance:Testrunner.TestSuiterunner@4461c7e3]" started-at="2026-08-06T06:10:22Z" name="setUpClass" finished-at="2026-08-06T06:10:22Z" duration-ms="477" status="PASS">
          <reporter-output>
          </reporter-output>
        </test-method> <!-- setUpClass -->
        <test-method signature="runScenario(cucumber.api.testng.PickleEventWrapper, cucumber.api.testng.CucumberFeatureWrapper)[pri:0, instance:Testrunner.TestSuiterunner@4461c7e3]" started-at="2026-08-06T06:10:23Z" name="runScenario" description="Runs Cucumber Scenarios" data-provider="scenarios" finished-at="2026-08-06T06:11:23Z" duration-ms="60044" status="PASS">
          <params>
            <param index="0">
              <value>
                <![CDATA["Verify the support Page"]]>
              </value>
            </param>
            <param index="1">
              <value>
                <![CDATA["Validating the Support Page"]]>
              </value>
            </param>
          </params>
          <reporter-output>
          </reporter-output>
        </test-method> <!-- runScenario -->
        <test-method is-config="true" signature="tearDownClass()[pri:0, instance:Testrunner.TestSuiterunner@4461c7e3]" started-at="2026-08-06T06:11:23Z" name="tearDownClass" finished-at="2026-08-06T06:11:23Z" duration-ms="46" status="PASS">
          <reporter-output>
          </reporter-output>
        </test-method> <!-- tearDownClass -->
      </class> <!-- Testrunner.TestSuiterunner -->
    </test> <!-- Surefire test -->
  </suite> <!-- Surefire suite -->
</testng-results>
