<?xml version="1.0" encoding="UTF-8"?>
<testsuite xmlns:xsi="http://www.w3.org/2001/XMLSchema-instance" xsi:noNamespaceSchemaLocation="https://maven.apache.org/surefire/maven-surefire-plugin/xsd/surefire-test-report-3.0.xsd" version="3.0" name="Testrunner.TestSuiterunner" time="30.55" tests="7" errors="0" skipped="0" failures="6">
  <properties>
[...]
</properties>
  <testcase name="runScenario" classname="Testrunner.TestSuiterunner" time="17.483"/>
  <testcase name="runScenario" classname="Testrunner.TestSuiterunner" time="0.079">
    <failure message="There are undefined steps" type="cucumber.runtime.CucumberException">cucumber.runtime.CucumberException: There are undefined steps
</failure>
  </testcase>
  <testcase name="runScenario" classname="Testrunner.TestSuiterunner" time="1.539">
    <failure message="session not created: This version of ChromeDriver only supports Chrome version 119&#10;Current browser version is 128.0.6613.114 with binary path C:\Program Files\Google\Chrome\Application\chrome.exe&#10;Build info: version: &apos;3.141.59&apos;, revision: &apos;e82be7d358&apos;, time: &apos;2018-11-14T08:17:03&apos;&#10;System info: host: &apos;DESKTOP-MVHKLV0&apos;, ip: &apos;192.168.0.101&apos;, os.name: &apos;Windows 11&apos;, os.arch: &apos;amd64&apos;, os.version: &apos;10.0&apos;, java.version: &apos;17.0.8&apos;&#10;Driver info: driver.version: ChromeDriver&#10;remote stacktrace: 	GetHandleVerifier [0x011E72A3+45731]&#10;	(No symbol) [0x01172D51]&#10;	(No symbol) [0x0106880D]&#10;	(No symbol) [0x01091281]&#10;	(No symbol) [0x01090A9A]&#10;	(No symbol) [0x0108D3C2]&#10;	(No symbol) [0x0108A310]&#10;	(No symbol) [0x010BEB26]&#10;	(No symbol) [0x010BE6BC]&#10;	(No symbol) [0x010B7DD6]&#10;	(No symbol) [0x010931F6]&#10;	(No symbol) [0x0109439D]&#10;	GetHandleVerifier [0x014F0716+3229462]&#10;	GetHandleVerifier [0x015384C8+3523784]&#10;	GetHandleVerifier [0x0153214C+3498316]&#10;	GetHandleVerifier [0x01271680+611968]&#10;	(No symbol) [0x0117CCCC]&#10;	(No symbol) [0x01178DF8]&#10;	(No symbol) [0x01178F1D]&#10;	(No symbol) [0x0116B2C7]&#10;	BaseThreadInitThunk [0x766B7BA9+25]&#10;	RtlInitializeExceptionChain [0x7753C10B+107]&#10;	RtlClearBits [0x7753C08F+191]&#10;" type="org.openqa.selenium.SessionNotCreatedException">org.openqa.selenium.SessionNotCreatedException: 
session not created: This version of ChromeDriver only supports Chrome version 119
Current browser version is 128.0.6613.114 with binary path C:\Program Files\Google\Chrome\Application\chrome.exe
Build info: version: '3.141.59', revision: 'e82be7d358', time: '2018-11-14T08:17:03'
System info: host: 'DESKTOP-MVHKLV0', ip: '192.168.0.101', os.name: 'Windows 11', os.arch: 'amd64', os.version: '10.0', java.version: '17.0.8'
Driver info: driver.version: ChromeDriver
remote stacktrace: 	GetHandleVerifier [0x011E72A3+45731]
	(No symbol) [0x01172D51]
	(No symbol) [0x0106880D]
	(No symbol) [0x01091281]
	(No symbol) [0x01090A9A]
	(No symbol) [0x0108D3C2]
	(No symbol) [0x0108A310]
	(No symbol) [0x010BEB26]
	(No symbol) [0x010BE6BC]
	(No symbol) [0x010B7DD6]
	(No symbol) [0x010931F6]
	(No symbol) [0x0109439D]
	GetHandleVerifier [0x014F0716+3229462]
	GetHandleVerifier [0x015384C8+3523784]
	GetHandleVerifier [0x0153214C+3498316]
	GetHandleVerifier [0x01271680+611968]
	(No symbol) [0x0117CCCC]
	(No symbol) [0x01178DF8]
	(No symbol) [0x01178F1D]
	(No symbol) [0x0116B2C7]
	BaseThreadInitThunk [0x766B7BA9+25]
	RtlInitializeExceptionChain [0x7753C10B+107]
	RtlClearBits [0x7753C08F+191]

</failure>
    <system-err><![CDATA[Starting ChromeDriver 119.0.6045.105 (38c72552c5e15ba9b3117c0967a0fd105072d7c6-refs/branch-heads/6045@{#1103}) on port 27884
Only local connections are allowed.
Please see https://chromedriver.chromium.org/security-considerations for suggestions on keeping ChromeDriver safe.
ChromeDriver was started successfully.
]]></system-err>
  </testcase>
  <testcase name="runScenario" classname="Testrunner.TestSuiterunner" time="6.483">
    <failure message="session not created: This version of ChromeDriver only supports Chrome version 116&#10;Current browser version is 128.0.6613.114 with binary path C:\Program Files\Google\Chrome\Application\chrome.exe&#10;Build info: version: &apos;3.141.59&apos;, revision: &apos;e82be7d358&apos;, time: &apos;2018-11-14T08:17:03&apos;&#10;System info: host: &apos;DESKTOP-MVHKLV0&apos;, ip: &apos;192.168.0.101&apos;, os.name: &apos;Windows 11&apos;, os.arch: &apos;amd64&apos;, os.version: &apos;10.0&apos;, java.version: &apos;17.0.8&apos;&#10;Driver info: driver.version: ChromeDriver&#10;remote stacktrace: 	GetHandleVerifier [0x003837C3+48947]&#10;	(No symbol) [0x00318551]&#10;	(No symbol) [0x0021C92D]&#10;	(No symbol) [0x0023F180]&#10;	(No symbol) [0x0023B178]&#10;	(No symbol) [0x0023950E]&#10;	(No symbol) [0x0026B840]&#10;	(No symbol) [0x0026B3CC]&#10;	(No symbol) [0x00264E86]&#10;	(No symbol) [0x002416C7]&#10;	(No symbol) [0x0024284D]&#10;	GetHandleVerifier [0x005CFDF9+2458985]&#10;	GetHandleVerifier [0x0061744F+2751423]&#10;	GetHandleVerifier [0x00611361+2726609]&#10;	GetHandleVerifier [0x00400680+560624]&#10;	(No symbol) [0x0032238C]&#10;	(No symbol) [0x0031E268]&#10;	(No symbol) [0x0031E392]&#10;	(No symbol) [0x003110B7]&#10;	BaseThreadInitThunk [0x766B7BA9+25]&#10;	RtlInitializeExceptionChain [0x7753C10B+107]&#10;	RtlClearBits [0x7753C08F+191]&#10;" type="org.openqa.selenium.SessionNotCreatedException">org.openqa.selenium.SessionNotCreatedException: 
session not created: This version of ChromeDriver only supports Chrome version 116
Current browser version is 128.0.6613.114 with binary path C:\Program Files\Google\Chrome\Application\chrome.exe
Build info: version: '3.141.59', revision: 'e82be7d358', time: '2018-11-14T08:17:03'
System info: host: 'DESKTOP-MVHKLV0', ip: '192.168.0.101', os.name: 'Windows 11', os.arch: 'amd64', os.version: '10.0', java.version: '17.0.8'
Driver info: driver.version: ChromeDriver
remote stacktrace: 	GetHandleVerifier [0x003837C3+48947]
	(No symbol) [0x00318551]
	(No symbol) [0x0021C92D]
	(No symbol) [0x0023F180]
	(No symbol) [0x0023B178]
	(No symbol) [0x0023950E]
	(No symbol) [0x0026B840]
	(No symbol) [0x0026B3CC]
	(No symbol) [0x00264E86]
	(No symbol) [0x002416C7]
	(No symbol) [0x0024284D]
	GetHandleVerifier [0x005CFDF9+2458985]
	GetHandleVerifier [0x0061744F+2751423]
	GetHandleVerifier [0x00611361+2726609]
	GetHandleVerifier [0x00400680+560624]
	(No symbol) [0x0032238C]
	(No symbol) [0x0031E268]
	(No symbol) [0x0031E392]
	(No symbol) [0x003110B7]
	BaseThreadInitThunk [0x766B7BA9+25]
	RtlInitializeExceptionChain [0x7753C10B+107]
	RtlClearBits [0x7753C08F+191]

</failure>
    <system-err><![CDATA[Starting ChromeDriver 116.0.5845.96 (1a391816688002153ef791ffe60d9e899a71a037-refs/branch-heads/5845@{#1382}) on port 26840
Only local connections are allowed.
Please see https://chromedriver.chromium.org/security-considerations for suggestions on keeping ChromeDriver safe.
ChromeDriver was started successfully.
]]></system-err>
  </testcase>
  <testcase name="runScenario" classname="Testrunner.TestSuiterunner" time="1.531">
    <failure message="session not created: This version of ChromeDriver only supports Chrome version 114&#10;Current browser version is 128.0.6613.114 with binary path C:\Program Files\Google\Chrome\Application\chrome.exe&#10;Build info: version: &apos;3.141.59&apos;, revision: &apos;e82be7d358&apos;, time: &apos;2018-11-14T08:17:03&apos;&#10;System info: host: &apos;DESKTOP-MVHKLV0&apos;, ip: &apos;192.168.0.101&apos;, os.name: &apos;Windows 11&apos;, os.arch: &apos;amd64&apos;, os.version: &apos;10.0&apos;, java.version: &apos;17.0.8&apos;&#10;Driver info: driver.version: ChromeDriver&#10;remote stacktrace: Backtrace:&#10;	GetHandleVerifier [0x00EBA813+48355]&#10;	(No symbol) [0x00E4C4B1]&#10;	(No symbol) [0x00D55358]&#10;	(No symbol) [0x00D761AC]&#10;	(No symbol) [0x00D71EF3]&#10;	(No symbol) [0x00D70579]&#10;	(No symbol) [0x00DA0C55]&#10;	(No symbol) [0x00DA093C]&#10;	(No symbol) [0x00D9A536]&#10;	(No symbol) [0x00D782DC]&#10;	(No symbol) [0x00D793DD]&#10;	GetHandleVerifier [0x0111AABD+2539405]&#10;	GetHandleVerifier [0x0115A78F+2800735]&#10;	GetHandleVerifier [0x0115456C+2775612]&#10;	GetHandleVerifier [0x00F451E0+616112]&#10;	(No symbol) [0x00E55F8C]&#10;	(No symbol) [0x00E52328]&#10;	(No symbol) [0x00E5240B]&#10;	(No symbol) [0x00E44FF7]&#10;	BaseThreadInitThunk [0x766B7BA9+25]&#10;	RtlInitializeExceptionChain [0x7753C10B+107]&#10;	RtlClearBits [0x7753C08F+191]&#10;" type="org.openqa.selenium.SessionNotCreatedException">org.openqa.selenium.SessionNotCreatedException: 
session not created: This version of ChromeDriver only supports Chrome version 114
Current browser version is 128.0.6613.114 with binary path C:\Program Files\Google\Chrome\Application\chrome.exe
Build info: version: '3.141.59', revision: 'e82be7d358', time: '2018-11-14T08:17:03'
System info: host: 'DESKTOP-MVHKLV0', ip: '192.168.0.101', os.name: 'Windows 11', os.arch: 'amd64', os.version: '10.0', java.version: '17.0.8'
Driver info: driver.version: ChromeDriver
remote stacktrace: Backtrace:
	GetHandleVerifier [0x00EBA813+48355]
	(No symbol) [0x00E4C4B1]
	(No symbol) [0x00D55358]
	(No symbol) [0x00D761AC]
	(No symbol) [0x00D71EF3]
	(No symbol) [0x00D70579]
	(No symbol) [0x00DA0C55]
	(No symbol) [0x00DA093C]
	(No symbol) [0x00D9A536]
	(No symbol) [0x00D782DC]
	(No symbol) [0x00D793DD]
	GetHandleVerifier [0x0111AABD+2539405]
	GetHandleVerifier [0x0115A78F+2800735]
	GetHandleVerifier [0x0115456C+2775612]
	GetHandleVerifier [0x00F451E0+616112]
	(No symbol) [0x00E55F8C]
	(No symbol) [0x00E52328]
	(No symbol) [0x00E5240B]
	(No symbol) [0x00E44FF7]
	BaseThreadInitThunk [0x766B7BA9+25]
	RtlInitializeExceptionChain [0x7753C10B+107]
	RtlClearBits [0x7753C08F+191]

</failure>
    <system-err><![CDATA[Starting ChromeDriver 114.0.5735.90 (386bc09e8f4f2e025eddae123f36f6263096ae49-refs/branch-heads/5735@{#1052}) on port 6346
Only local connections are allowed.
Please see https://chromedriver.chromium.org/security-considerations for suggestions on keeping ChromeDriver safe.
ChromeDriver was started successfully.
]]></system-err>
  </testcase>
  <testcase name="runScenario" classname="Testrunner.TestSuiterunner" time="1.501">
    <failure message="session not created: This version of ChromeDriver only supports Chrome version 121&#10;Current browser version is 128.0.6613.114 with binary path C:\Program Files\Google\Chrome\Application\chrome.exe&#10;Build info: version: &apos;3.141.59&apos;, revision: &apos;e82be7d358&apos;, time: &apos;2018-11-14T08:17:03&apos;&#10;System info: host: &apos;DESKTOP-MVHKLV0&apos;, ip: &apos;192.168.0.101&apos;, os.name: &apos;Windows 11&apos;, os.arch: &apos;amd64&apos;, os.version: &apos;10.0&apos;, java.version: &apos;17.0.8&apos;&#10;Driver info: driver.version: ChromeDriver&#10;remote stacktrace: 	GetHandleVerifier [0x00007FF687305E42+3538674]&#10;	(No symbol) [0x00007FF686F24C02]&#10;	(No symbol) [0x00007FF686DD5AEB]&#10;	(No symbol) [0x00007FF686E0C512]&#10;	(No symbol) [0x00007FF686E0B872]&#10;	(No symbol) [0x00007FF686E05106]&#10;	(No symbol) [0x00007FF686E021C8]&#10;	(No symbol) [0x00007FF686E494B9]&#10;	(No symbol) [0x00007FF686E3EE53]&#10;	(No symbol) [0x00007FF686E0F514]&#10;	(No symbol) [0x00007FF686E10631]&#10;	GetHandleVerifier [0x00007FF687336CAD+3738973]&#10;	GetHandleVerifier [0x00007FF68738C506+4089270]&#10;	GetHandleVerifier [0x00007FF687384823+4057299]&#10;	GetHandleVerifier [0x00007FF687055C49+720121]&#10;	(No symbol) [0x00007FF686F3126F]&#10;	(No symbol) [0x00007FF686F2C304]&#10;	(No symbol) [0x00007FF686F2C432]&#10;	(No symbol) [0x00007FF686F1BD04]&#10;	BaseThreadInitThunk [0x00007FFC047B257D+29]&#10;	RtlUserThreadStart [0x00007FFC05C0AF28+40]&#10;" type="org.openqa.selenium.SessionNotCreatedException">org.openqa.selenium.SessionNotCreatedException: 
session not created: This version of ChromeDriver only supports Chrome version 121
Current browser version is 128.0.6613.114 with binary path C:\Program Files\Google\Chrome\Application\chrome.exe
Build info: version: '3.141.59', revision: 'e82be7d358', time: '2018-11-14T08:17:03'
System info: host: 'DESKTOP-MVHKLV0', ip: '192.168.0.101', os.name: 'Windows 11', os.arch: 'amd64', os.version: '10.0', java.version: '17.0.8'
Driver info: driver.version: ChromeDriver
remote stacktrace: 	GetHandleVerifier [0x00007FF687305E42+3538674]
	(No symbol) [0x00007FF686F24C02]
	(No symbol) [0x00007FF686DD5AEB]
	(No symbol) [0x00007FF686E0C512]
	(No symbol) [0x00007FF686E0B872]
	(No symbol) [0x00007FF686E05106]
	(No symbol) [0x00007FF686E021C8]
	(No symbol) [0x00007FF686E494B9]
	(No symbol) [0x00007FF686E3EE53]
	(No symbol) [0x00007FF686E0F514]
	(No symbol) [0x00007FF686E10631]
	GetHandleVerifier [0x00007FF687336CAD+3738973]
	GetHandleVerifier [0x00007FF68738C506+4089270]
	GetHandleVerifier [0x00007FF687384823+4057299]
	GetHandleVerifier [0x00007FF687055C49+720121]
	(No symbol) [0x00007FF686F3126F]
	(No symbol) [0x00007FF686F2C304]
	(No symbol) [0x00007FF686F2C432]
	(No symbol) [0x00007FF686F1BD04]
	BaseThreadInitThunk [0x00007FFC047B257D+29]
	RtlUserThreadStart [0x00007FFC05C0AF28+40]

</failure>
    <system-err><![CDATA[Starting ChromeDriver 121.0.6167.85 (3f98d690ad7e59242ef110144c757b2ac4eef1a2-refs/branch-heads/6167@{#1539}) on port 7900
Only local connections are allowed.
Please see https://chromedriver.chromium.org/security-considerations for suggestions on keeping ChromeDriver safe.
ChromeDriver was started successfully.
]]></system-err>
  </testcase>
  <testcase name="runScenario" classname="Testrunner.TestSuiterunner" time="0.921">
    <failure message="session not created: This version of ChromeDriver only supports Chrome version 119&#10;Current browser version is 128.0.6613.114 with binary path C:\Program Files\Google\Chrome\Application\chrome.exe&#10;Build info: version: &apos;3.141.59&apos;, revision: &apos;e82be7d358&apos;, time: &apos;2018-11-14T08:17:03&apos;&#10;System info: host: &apos;DESKTOP-MVHKLV0&apos;, ip: &apos;192.168.0.101&apos;, os.name: &apos;Windows 11&apos;, os.arch: &apos;amd64&apos;, os.version: &apos;10.0&apos;, java.version: &apos;17.0.8&apos;&#10;Driver info: driver.version: ChromeDriver&#10;remote stacktrace: 	GetHandleVerifier [0x011E72A3+45731]&#10;	(No symbol) [0x01172D51]&#10;	(No symbol) [0x0106880D]&#10;	(No symbol) [0x01091281]&#10;	(No symbol) [0x01090A9A]&#10;	(No symbol) [0x0108D3C2]&#10;	(No symbol) [0x0108A310]&#10;	(No symbol) [0x010BEB26]&#10;	(No symbol) [0x010BE6BC]&#10;	(No symbol) [0x010B7DD6]&#10;	(No symbol) [0x010931F6]&#10;	(No symbol) [0x0109439D]&#10;	GetHandleVerifier [0x014F0716+3229462]&#10;	GetHandleVerifier [0x015384C8+3523784]&#10;	GetHandleVerifier [0x0153214C+3498316]&#10;	GetHandleVerifier [0x01271680+611968]&#10;	(No symbol) [0x0117CCCC]&#10;	(No symbol) [0x01178DF8]&#10;	(No symbol) [0x01178F1D]&#10;	(No symbol) [0x0116B2C7]&#10;	BaseThreadInitThunk [0x766B7BA9+25]&#10;	RtlInitializeExceptionChain [0x7753C10B+107]&#10;	RtlClearBits [0x7753C08F+191]&#10;" type="org.openqa.selenium.SessionNotCreatedException">org.openqa.selenium.SessionNotCreatedException: 
session not created: This version of ChromeDriver only supports Chrome version 119
Current browser version is 128.0.6613.114 with binary path C:\Program Files\Google\Chrome\Application\chrome.exe
Build info: version: '3.141.59', revision: 'e82be7d358', time: '2018-11-14T08:17:03'
System info: host: 'DESKTOP-MVHKLV0', ip: '192.168.0.101', os.name: 'Windows 11', os.arch: 'amd64', os.version: '10.0', java.version: '17.0.8'
Driver info: driver.version: ChromeDriver
remote stacktrace: 	GetHandleVerifier [0x011E72A3+45731]
	(No symbol) [0x01172D51]
	(No symbol) [0x0106880D]
	(No symbol) [0x01091281]
	(No symbol) [0x01090A9A]
	(No symbol) [0x0108D3C2]
	(No symbol) [0x0108A310]
	(No symbol) [0x010BEB26]
	(No symbol) [0x010BE6BC]
	(No symbol) [0x010B7DD6]
	(No symbol) [0x010931F6]
	(No symbol) [0x0109439D]
	GetHandleVerifier [0x014F0716+3229462]
	GetHandleVerifier [0x015384C8+3523784]
	GetHandleVerifier [0x0153214C+3498316]
	GetHandleVerifier [0x01271680+611968]
	(No symbol) [0x0117CCCC]
	(No symbol) [0x01178DF8]
	(No symbol) [0x01178F1D]
	(No symbol) [0x0116B2C7]
	BaseThreadInitThunk [0x766B7BA9+25]
	RtlInitializeExceptionChain [0x7753C10B+107]
	RtlClearBits [0x7753C08F+191]

</failure>
    <system-err><![CDATA[Starting ChromeDriver 119.0.6045.105 (38c72552c5e15ba9b3117c0967a0fd105072d7c6-refs/branch-heads/6045@{#1103}) on port 40805
Only local connections are allowed.
Please see https://chromedriver.chromium.org/security-considerations for suggestions on keeping ChromeDriver safe.
ChromeDriver was started successfully.
]]></system-err>
  </testcase>
</testsuite>