{"name":"verify the Vtiger Login Page","status":"broken","statusDetails":{"known":false,"muted":false,"flaky":false,"message":"session not created: This version of ChromeDriver only supports Chrome version 119\nCurrent browser version is 128.0.6613.114 with binary path C:\\Program Files\\Google\\Chrome\\Application\\chrome.exe\nBuild info: version: '3.141.59', revision: 'e82be7d358', time: '2018-11-14T08:17:03'\nSystem info: host: 'DESKTOP-MVHKLV0', ip: '192.168.0.101', os.name: 'Windows 11', os.arch: 'amd64', os.version: '10.0', java.version: '17.0.8'\nDriver info: driver.version: ChromeDriver\nremote stacktrace: \tGetHandleVerifier [0x011E72A3+45731]\n\t(No symbol) [0x01172D51]\n\t(No symbol) [0x0106880D]\n\t(No symbol) [0x01091281]\n\t(No symbol) [0x01090A9A]\n\t(No symbol) [0x0108D3C2]\n\t(No symbol) [0x0108A310]\n\t(No symbol) [0x010BEB26]\n\t(No symbol) [0x010BE6BC]\n\t(No symbol) [0x010B7DD6]\n\t(No symbol) [0x010931F6]\n\t(No symbol) [0x0109439D]\n\tGetHandleVerifier [0x014F0716+3229462]\n\tGetHandleVerifier [0x015384C8+3523784]\n\tGetHandleVerifier [0x0153214C+3498316]\n\tGetHandleVerifier [0x01271680+611968]\n\t(No symbol) [0x0117CCCC]\n\t(No symbol) [0x01178DF8]\n\t(No symbol) [0x01178F1D]\n\t(No symbol) [0x0116B2C7]\n\tBaseThreadInitThunk [0x766B7BA9+25]\n\tRtlInitializeExceptionChain [0x7753C10B+107]\n\tRtlClearBits [0x7753C08F+191]\n","trace":"org.openqa.selenium.SessionNotCreatedException: session not created: This version of ChromeDriver only supports Chrome version 119\nCurrent browser version is 128.0.6613.114 with binary path C:\\Program Files\\Google\\Chrome\\Application\\chrome.exe\nBuild info: version: '3.141.59', revision: 'e82be7d358', time: '2018-11-14T08:17:03'\nSystem info: host: 'DESKTOP-MVHKLV0', ip: '192.168.0.101', os.name: 'Windows 11', os.arch: 'amd64', os.version: '10.0', java.version: '17.0.8'\nDriver info: driver.version: ChromeDriver\nremote stacktrace: \tGetHandleVerifier [0x011E72A3+45731]\n\t(No symbol) [0x01172D51]\n\t(No symbol) [0x0106880D]\n\t(No symbol) [0x01091281]\n\t(No symbol) [0x01090A9A]\n\t(No symbol) [0x0108D3C2]\n\t(No symbol) [0x0108A310]\n\t(No symbol) [0x010BEB26]\n\t(No symbol) [0x010BE6BC]\n\t(No symbol) [0x010B7DD6]\n\t(No symbol) [0x010931F6]\n\t(No symbol) [0x0109439D]\n\tGetHandleVerifier [0x014F0716+3229462]\n\tGetHandleVerifier [0x015384C8+3523784]\n\tGetHandleVerifier [0x0153214C+3498316]\n\tGetHandleVerifier [0x01271680+611968]\n\t(No symbol) [0x0117CCCC]\n\t(No symbol) [0x01178DF8]\n\t(No symbol) [0x01178F1D]\n\t(No symbol) [0x0116B2C7]\n\tBaseThreadInitThunk [0x766B7BA9+25]\n\tRtlInitializeExceptionChain [0x7753C10B+107]\n\tRtlClearBits [0x7753C08F+191]\n\r\n\tat java.base/jdk.internal.reflect.NativeConstructorAccessorImpl.newInstance0(Native Method)\r\n\tat java.base/jdk.internal.reflect.NativeConstructorAccessorImpl.newInstance(NativeConstructorAccessorImpl.java:77)\r\n\tat java.base/jdk.internal.reflect.DelegatingConstructorAccessorImpl.newInstance(DelegatingConstructorAccessorImpl.java:45)\r\n\tat java.base/java.lang.reflect.Constructor.newInstanceWithCaller(Constructor.java:499)\r\n\tat java.base/java.lang.reflect.Constructor.newInstance(Constructor.java:480)\r\n\tat org.openqa.selenium.remote.W3CHandshakeResponse.lambda$errorHandler$0(W3CHandshakeResponse.java:62)\r\n\tat org.openqa.selenium.remote.HandshakeResponse.lambda$getResponseFunction$0(HandshakeResponse.java:30)\r\n\tat org.openqa.selenium.remote.ProtocolHandshake.lambda$createSession$0(ProtocolHandshake.java:126)\r\n\tat java.base/java.util.stream.ReferencePipeline$3$1.accept(ReferencePipeline.java:197)\r\n\tat java.base/java.util.Spliterators$ArraySpliterator.tryAdvance(Spliterators.java:1002)\r\n\tat java.base/java.util.stream.ReferencePipeline.forEachWithCancel(ReferencePipeline.java:129)\r\n\tat java.base/java.util.stream.AbstractPipeline.copyIntoWithCancel(AbstractPipeline.java:527)\r\n\tat java.base/java.util.stream.AbstractPipeline.copyInto(AbstractPipeline.java:513)\r\n\tat java.base/java.util.stream.AbstractPipeline.wrapAndCopyInto(AbstractPipeline.java:499)\r\n\tat java.base/java.util.stream.FindOps$FindOp.evaluateSequential(FindOps.java:150)\r\n\tat java.base/java.util.stream.AbstractPipeline.evaluate(AbstractPipeline.java:234)\r\n\tat java.base/java.util.stream.ReferencePipeline.findFirst(ReferencePipeline.java:647)\r\n\tat org.openqa.selenium.remote.ProtocolHandshake.createSession(ProtocolHandshake.java:128)\r\n\tat org.openqa.selenium.remote.ProtocolHandshake.createSession(ProtocolHandshake.java:74)\r\n\tat org.openqa.selenium.remote.HttpCommandExecutor.execute(HttpCommandExecutor.java:136)\r\n\tat org.openqa.selenium.remote.service.DriverCommandExecutor.execute(DriverCommandExecutor.java:83)\r\n\tat org.openqa.selenium.remote.RemoteWebDriver.execute(RemoteWebDriver.java:552)\r\n\tat org.openqa.selenium.remote.RemoteWebDriver.startSession(RemoteWebDriver.java:213)\r\n\tat org.openqa.selenium.remote.RemoteWebDriver.<init>(RemoteWebDriver.java:131)\r\n\tat org.openqa.selenium.chrome.ChromeDriver.<init>(ChromeDriver.java:181)\r\n\tat org.openqa.selenium.chrome.ChromeDriver.<init>(ChromeDriver.java:168)\r\n\tat org.openqa.selenium.chrome.ChromeDriver.<init>(ChromeDriver.java:123)\r\n\tat stepdefinition.Inventory_TestScript.i_navigate_to_application_open_UrL(Inventory_TestScript.java:37)\r\n\tat ✽.I navigate to application open UrL(file:src/test/resources/features/Inventory.feature:14)\r\n"},"stage":"finished","steps":[{"name":"Given  I navigate to application open UrL","status":"broken","statusDetails":{"known":false,"muted":false,"flaky":false,"message":"session not created: This version of ChromeDriver only supports Chrome version 119\nCurrent browser version is 128.0.6613.114 with binary path C:\\Program Files\\Google\\Chrome\\Application\\chrome.exe\nBuild info: version: '3.141.59', revision: 'e82be7d358', time: '2018-11-14T08:17:03'\nSystem info: host: 'DESKTOP-MVHKLV0', ip: '192.168.0.101', os.name: 'Windows 11', os.arch: 'amd64', os.version: '10.0', java.version: '17.0.8'\nDriver info: driver.version: ChromeDriver\nremote stacktrace: \tGetHandleVerifier [0x011E72A3+45731]\n\t(No symbol) [0x01172D51]\n\t(No symbol) [0x0106880D]\n\t(No symbol) [0x01091281]\n\t(No symbol) [0x01090A9A]\n\t(No symbol) [0x0108D3C2]\n\t(No symbol) [0x0108A310]\n\t(No symbol) [0x010BEB26]\n\t(No symbol) [0x010BE6BC]\n\t(No symbol) [0x010B7DD6]\n\t(No symbol) [0x010931F6]\n\t(No symbol) [0x0109439D]\n\tGetHandleVerifier [0x014F0716+3229462]\n\tGetHandleVerifier [0x015384C8+3523784]\n\tGetHandleVerifier [0x0153214C+3498316]\n\tGetHandleVerifier [0x01271680+611968]\n\t(No symbol) [0x0117CCCC]\n\t(No symbol) [0x01178DF8]\n\t(No symbol) [0x01178F1D]\n\t(No symbol) [0x0116B2C7]\n\tBaseThreadInitThunk [0x766B7BA9+25]\n\tRtlInitializeExceptionChain [0x7753C10B+107]\n\tRtlClearBits [0x7753C08F+191]\n","trace":"org.openqa.selenium.SessionNotCreatedException: session not created: This version of ChromeDriver only supports Chrome version 119\nCurrent browser version is 128.0.6613.114 with binary path C:\\Program Files\\Google\\Chrome\\Application\\chrome.exe\nBuild info: version: '3.141.59', revision: 'e82be7d358', time: '2018-11-14T08:17:03'\nSystem info: host: 'DESKTOP-MVHKLV0', ip: '192.168.0.101', os.name: 'Windows 11', os.arch: 'amd64', os.version: '10.0', java.version: '17.0.8'\nDriver info: driver.version: ChromeDriver\nremote stacktrace: \tGetHandleVerifier [0x011E72A3+45731]\n\t(No symbol) [0x01172D51]\n\t(No symbol) [0x0106880D]\n\t(No symbol) [0x01091281]\n\t(No symbol) [0x01090A9A]\n\t(No symbol) [0x0108D3C2]\n\t(No symbol) [0x0108A310]\n\t(No symbol) [0x010BEB26]\n\t(No symbol) [0x010BE6BC]\n\t(No symbol) [0x010B7DD6]\n\t(No symbol) [0x010931F6]\n\t(No symbol) [0x0109439D]\n\tGetHandleVerifier [0x014F0716+3229462]\n\tGetHandleVerifier [0x015384C8+3523784]\n\tGetHandleVerifier [0x0153214C+3498316]\n\tGetHandleVerifier [0x01271680+611968]\n\t(No symbol) [0x0117CCCC]\n\t(No symbol) [0x01178DF8]\n\t(No symbol) [0x01178F1D]\n\t(No symbol) [0x0116B2C7]\n\tBaseThreadInitThunk [0x766B7BA9+25]\n\tRtlInitializeExceptionChain [0x7753C10B+107]\n\tRtlClearBits [0x7753C08F+191]\n\r\n\tat java.base/jdk.internal.reflect.NativeConstructorAccessorImpl.newInstance0(Native Method)\r\n\tat java.base/jdk.internal.reflect.NativeConstructorAccessorImpl.newInstance(NativeConstructorAccessorImpl.java:77)\r\n\tat java.base/jdk.internal.reflect.DelegatingConstructorAccessorImpl.newInstance(DelegatingConstructorAccessorImpl.java:45)\r\n\tat java.base/java.lang.reflect.Constructor.newInstanceWithCaller(Constructor.java:499)\r\n\tat java.base/java.lang.reflect.Constructor.newInstance(Constructor.java:480)\r\n\tat org.openqa.selenium.remote.W3CHandshakeResponse.lambda$errorHandler$0(W3CHandshakeResponse.java:62)\r\n\tat org.openqa.selenium.remote.HandshakeResponse.lambda$getResponseFunction$0(HandshakeResponse.java:30)\r\n\tat org.openqa.selenium.remote.ProtocolHandshake.lambda$createSession$0(ProtocolHandshake.java:126)\r\n\tat java.base/java.util.stream.ReferencePipeline$3$1.accept(ReferencePipeline.java:197)\r\n\tat java.base/java.util.Spliterators$ArraySpliterator.tryAdvance(Spliterators.java:1002)\r\n\tat java.base/java.util.stream.ReferencePipeline.forEachWithCancel(ReferencePipeline.java:129)\r\n\tat java.base/java.util.stream.AbstractPipeline.copyIntoWithCancel(AbstractPipeline.java:527)\r\n\tat java.base/java.util.stream.AbstractPipeline.copyInto(AbstractPipeline.java:513)\r\n\tat java.base/java.util.stream.AbstractPipeline.wrapAndCopyInto(AbstractPipeline.java:499)\r\n\tat java.base/java.util.stream.FindOps$FindOp.evaluateSequential(FindOps.java:150)\r\n\tat java.base/java.util.stream.AbstractPipeline.evaluate(AbstractPipeline.java:234)\r\n\tat java.base/java.util.stream.ReferencePipeline.findFirst(ReferencePipeline.java:647)\r\n\tat org.openqa.selenium.remote.ProtocolHandshake.createSession(ProtocolHandshake.java:128)\r\n\tat org.openqa.selenium.remote.ProtocolHandshake.createSession(ProtocolHandshake.java:74)\r\n\tat org.openqa.selenium.remote.HttpCommandExecutor.execute(HttpCommandExecutor.java:136)\r\n\tat org.openqa.selenium.remote.service.DriverCommandExecutor.execute(DriverCommandExecutor.java:83)\r\n\tat org.openqa.selenium.remote.RemoteWebDriver.execute(RemoteWebDriver.java:552)\r\n\tat org.openqa.selenium.remote.RemoteWebDriver.startSession(RemoteWebDriver.java:213)\r\n\tat org.openqa.selenium.remote.RemoteWebDriver.<init>(RemoteWebDriver.java:131)\r\n\tat org.openqa.selenium.chrome.ChromeDriver.<init>(ChromeDriver.java:181)\r\n\tat org.openqa.selenium.chrome.ChromeDriver.<init>(ChromeDriver.java:168)\r\n\tat org.openqa.selenium.chrome.ChromeDriver.<init>(ChromeDriver.java:123)\r\n\tat stepdefinition.Inventory_TestScript.i_navigate_to_application_open_UrL(Inventory_TestScript.java:37)\r\n\tat ✽.I navigate to application open UrL(file:src/test/resources/features/Inventory.feature:14)\r\n"},"stage":"finished","steps":[],"attachments":[],"parameters":[],"start":1725428394042,"stop":1725428395531},{"name":"When  user Enter Username and Password by click on login Button","status":"skipped","statusDetails":{"known":false,"muted":false,"flaky":false},"stage":"finished","steps":[],"attachments":[],"parameters":[],"start":1725428395531,"stop":1725428395539},{"name":"Then  login sucessfully","status":"skipped","statusDetails":{"known":false,"muted":false,"flaky":false},"stage":"finished","steps":[],"attachments":[],"parameters":[],"start":1725428395539,"stop":1725428395539},{"name":"And  user is in VtigerCRM Home page","status":"skipped","statusDetails":{"known":false,"muted":false,"flaky":false},"stage":"finished","steps":[],"attachments":[],"parameters":[],"start":1725428395539,"stop":1725428395539},{"name":"And  User has click on Inventory tab","status":"skipped","statusDetails":{"known":false,"muted":false,"flaky":false},"stage":"finished","steps":[],"attachments":[],"parameters":[],"start":1725428395539,"stop":1725428395542},{"name":"And  User verify the Creating Products\"TestProduct\" in Inventory by click on Save button","status":"skipped","statusDetails":{"known":false,"muted":false,"flaky":false},"stage":"finished","steps":[],"attachments":[],"parameters":[],"start":1725428395542,"stop":1725428395543}],"attachments":[],"parameters":[{"name":"ProductName","value":"TestProduct"}],"start":1725428394042,"stop":1725428395543,"uuid":"387ef8f9-31be-4d5f-aa95-3959873a32d2","historyId":"94bad8a76da36f9f39f0f6b8256d9cdd","fullName":"Validating Inventory page: verify the Vtiger Login Page","labels":[{"name":"tag","value":"Regression"},{"name":"tag","value":"Inventory2"},{"name":"tag","value":"TC_002"},{"name":"host","value":"DESKTOP-MVHKLV0"},{"name":"thread","value":"20620@DESKTOP-MVHKLV0.main(1)"},{"name":"feature","value":"Validating Inventory page"},{"name":"story","value":"verify the Vtiger Login Page"},{"name":"package","value":"src.test.resources.features.Validating Inventory page"},{"name":"suite","value":"Validating Inventory page"},{"name":"testClass","value":"verify the Vtiger Login Page"},{"name":"framework","value":"cucumber4jvm"},{"name":"language","value":"java"},{"name":"gherkin_uri","value":"file:src/test/resources/features/Inventory.feature"}],"links":[]}