{"name":"verify the Creating Documents Functionality","status":"broken","statusDetails":{"known":false,"muted":false,"flaky":false,"message":"session not created: This version of ChromeDriver only supports Chrome version 121\nCurrent browser version is 128.0.6613.114 with binary path C:\\Program Files\\Google\\Chrome\\Application\\chrome.exe\nBuild info: version: '3.141.59', revision: 'e82be7d358', time: '2018-11-14T08:17:03'\nSystem info: host: 'DESKTOP-MVHKLV0', ip: '192.168.0.101', os.name: 'Windows 11', os.arch: 'amd64', os.version: '10.0', java.version: '17.0.8'\nDriver info: driver.version: ChromeDriver\nremote stacktrace: \tGetHandleVerifier [0x00007FF687305E42+3538674]\n\t(No symbol) [0x00007FF686F24C02]\n\t(No symbol) [0x00007FF686DD5AEB]\n\t(No symbol) [0x00007FF686E0C512]\n\t(No symbol) [0x00007FF686E0B872]\n\t(No symbol) [0x00007FF686E05106]\n\t(No symbol) [0x00007FF686E021C8]\n\t(No symbol) [0x00007FF686E494B9]\n\t(No symbol) [0x00007FF686E3EE53]\n\t(No symbol) [0x00007FF686E0F514]\n\t(No symbol) [0x00007FF686E10631]\n\tGetHandleVerifier [0x00007FF687336CAD+3738973]\n\tGetHandleVerifier [0x00007FF68738C506+4089270]\n\tGetHandleVerifier [0x00007FF687384823+4057299]\n\tGetHandleVerifier [0x00007FF687055C49+720121]\n\t(No symbol) [0x00007FF686F3126F]\n\t(No symbol) [0x00007FF686F2C304]\n\t(No symbol) [0x00007FF686F2C432]\n\t(No symbol) [0x00007FF686F1BD04]\n\tBaseThreadInitThunk [0x00007FFC047B257D+29]\n\tRtlUserThreadStart [0x00007FFC05C0AF28+40]\n","trace":"org.openqa.selenium.SessionNotCreatedException: session not created: This version of ChromeDriver only supports Chrome version 121\nCurrent browser version is 128.0.6613.114 with binary path C:\\Program Files\\Google\\Chrome\\Application\\chrome.exe\nBuild info: version: '3.141.59', revision: 'e82be7d358', time: '2018-11-14T08:17:03'\nSystem info: host: 'DESKTOP-MVHKLV0', ip: '192.168.0.101', os.name: 'Windows 11', os.arch: 'amd64', os.version: '10.0', java.version: '17.0.8'\nDriver info: driver.version: ChromeDriver\nremote stacktrace: \tGetHandleVerifier [0x00007FF687305E42+3538674]\n\t(No symbol) [0x00007FF686F24C02]\n\t(No symbol) [0x00007FF686DD5AEB]\n\t(No symbol) [0x00007FF686E0C512]\n\t(No symbol) [0x00007FF686E0B872]\n\t(No symbol) [0x00007FF686E05106]\n\t(No symbol) [0x00007FF686E021C8]\n\t(No symbol) [0x00007FF686E494B9]\n\t(No symbol) [0x00007FF686E3EE53]\n\t(No symbol) [0x00007FF686E0F514]\n\t(No symbol) [0x00007FF686E10631]\n\tGetHandleVerifier [0x00007FF687336CAD+3738973]\n\tGetHandleVerifier [0x00007FF68738C506+4089270]\n\tGetHandleVerifier [0x00007FF687384823+4057299]\n\tGetHandleVerifier [0x00007FF687055C49+720121]\n\t(No symbol) [0x00007FF686F3126F]\n\t(No symbol) [0x00007FF686F2C304]\n\t(No symbol) [0x00007FF686F2C432]\n\t(No symbol) [0x00007FF686F1BD04]\n\tBaseThreadInitThunk [0x00007FFC047B257D+29]\n\tRtlUserThreadStart [0x00007FFC05C0AF28+40]\n\r\n\tat java.base/jdk.internal.reflect.NativeConstructorAccessorImpl.newInstance0(Native Method)\r\n\tat java.base/jdk.internal.reflect.NativeConstructorAccessorImpl.newInstance(NativeConstructorAccessorImpl.java:77)\r\n\tat java.base/jdk.internal.reflect.DelegatingConstructorAccessorImpl.newInstance(DelegatingConstructorAccessorImpl.java:45)\r\n\tat java.base/java.lang.reflect.Constructor.newInstanceWithCaller(Constructor.java:499)\r\n\tat java.base/java.lang.reflect.Constructor.newInstance(Constructor.java:480)\r\n\tat org.openqa.selenium.remote.W3CHandshakeResponse.lambda$errorHandler$0(W3CHandshakeResponse.java:62)\r\n\tat org.openqa.selenium.remote.HandshakeResponse.lambda$getResponseFunction$0(HandshakeResponse.java:30)\r\n\tat org.openqa.selenium.remote.ProtocolHandshake.lambda$createSession$0(ProtocolHandshake.java:126)\r\n\tat java.base/java.util.stream.ReferencePipeline$3$1.accept(ReferencePipeline.java:197)\r\n\tat java.base/java.util.Spliterators$ArraySpliterator.tryAdvance(Spliterators.java:1002)\r\n\tat java.base/java.util.stream.ReferencePipeline.forEachWithCancel(ReferencePipeline.java:129)\r\n\tat java.base/java.util.stream.AbstractPipeline.copyIntoWithCancel(AbstractPipeline.java:527)\r\n\tat java.base/java.util.stream.AbstractPipeline.copyInto(AbstractPipeline.java:513)\r\n\tat java.base/java.util.stream.AbstractPipeline.wrapAndCopyInto(AbstractPipeline.java:499)\r\n\tat java.base/java.util.stream.FindOps$FindOp.evaluateSequential(FindOps.java:150)\r\n\tat java.base/java.util.stream.AbstractPipeline.evaluate(AbstractPipeline.java:234)\r\n\tat java.base/java.util.stream.ReferencePipeline.findFirst(ReferencePipeline.java:647)\r\n\tat org.openqa.selenium.remote.ProtocolHandshake.createSession(ProtocolHandshake.java:128)\r\n\tat org.openqa.selenium.remote.ProtocolHandshake.createSession(ProtocolHandshake.java:74)\r\n\tat org.openqa.selenium.remote.HttpCommandExecutor.execute(HttpCommandExecutor.java:136)\r\n\tat org.openqa.selenium.remote.service.DriverCommandExecutor.execute(DriverCommandExecutor.java:83)\r\n\tat org.openqa.selenium.remote.RemoteWebDriver.execute(RemoteWebDriver.java:552)\r\n\tat org.openqa.selenium.remote.RemoteWebDriver.startSession(RemoteWebDriver.java:213)\r\n\tat org.openqa.selenium.remote.RemoteWebDriver.<init>(RemoteWebDriver.java:131)\r\n\tat org.openqa.selenium.chrome.ChromeDriver.<init>(ChromeDriver.java:181)\r\n\tat org.openqa.selenium.chrome.ChromeDriver.<init>(ChromeDriver.java:168)\r\n\tat org.openqa.selenium.chrome.ChromeDriver.<init>(ChromeDriver.java:123)\r\n\tat stepdefinition.Suport_TestScript.i_navigate_To_Application_open_URl(Suport_TestScript.java:37)\r\n\tat ✽.I navigate To Application open URl(file:src/test/resources/features/Support.feature:16)\r\n"},"stage":"finished","steps":[{"name":"Given  I navigate To Application open URl","status":"broken","statusDetails":{"known":false,"muted":false,"flaky":false,"message":"session not created: This version of ChromeDriver only supports Chrome version 121\nCurrent browser version is 128.0.6613.114 with binary path C:\\Program Files\\Google\\Chrome\\Application\\chrome.exe\nBuild info: version: '3.141.59', revision: 'e82be7d358', time: '2018-11-14T08:17:03'\nSystem info: host: 'DESKTOP-MVHKLV0', ip: '192.168.0.101', os.name: 'Windows 11', os.arch: 'amd64', os.version: '10.0', java.version: '17.0.8'\nDriver info: driver.version: ChromeDriver\nremote stacktrace: \tGetHandleVerifier [0x00007FF687305E42+3538674]\n\t(No symbol) [0x00007FF686F24C02]\n\t(No symbol) [0x00007FF686DD5AEB]\n\t(No symbol) [0x00007FF686E0C512]\n\t(No symbol) [0x00007FF686E0B872]\n\t(No symbol) [0x00007FF686E05106]\n\t(No symbol) [0x00007FF686E021C8]\n\t(No symbol) [0x00007FF686E494B9]\n\t(No symbol) [0x00007FF686E3EE53]\n\t(No symbol) [0x00007FF686E0F514]\n\t(No symbol) [0x00007FF686E10631]\n\tGetHandleVerifier [0x00007FF687336CAD+3738973]\n\tGetHandleVerifier [0x00007FF68738C506+4089270]\n\tGetHandleVerifier [0x00007FF687384823+4057299]\n\tGetHandleVerifier [0x00007FF687055C49+720121]\n\t(No symbol) [0x00007FF686F3126F]\n\t(No symbol) [0x00007FF686F2C304]\n\t(No symbol) [0x00007FF686F2C432]\n\t(No symbol) [0x00007FF686F1BD04]\n\tBaseThreadInitThunk [0x00007FFC047B257D+29]\n\tRtlUserThreadStart [0x00007FFC05C0AF28+40]\n","trace":"org.openqa.selenium.SessionNotCreatedException: session not created: This version of ChromeDriver only supports Chrome version 121\nCurrent browser version is 128.0.6613.114 with binary path C:\\Program Files\\Google\\Chrome\\Application\\chrome.exe\nBuild info: version: '3.141.59', revision: 'e82be7d358', time: '2018-11-14T08:17:03'\nSystem info: host: 'DESKTOP-MVHKLV0', ip: '192.168.0.101', os.name: 'Windows 11', os.arch: 'amd64', os.version: '10.0', java.version: '17.0.8'\nDriver info: driver.version: ChromeDriver\nremote stacktrace: \tGetHandleVerifier [0x00007FF687305E42+3538674]\n\t(No symbol) [0x00007FF686F24C02]\n\t(No symbol) [0x00007FF686DD5AEB]\n\t(No symbol) [0x00007FF686E0C512]\n\t(No symbol) [0x00007FF686E0B872]\n\t(No symbol) [0x00007FF686E05106]\n\t(No symbol) [0x00007FF686E021C8]\n\t(No symbol) [0x00007FF686E494B9]\n\t(No symbol) [0x00007FF686E3EE53]\n\t(No symbol) [0x00007FF686E0F514]\n\t(No symbol) [0x00007FF686E10631]\n\tGetHandleVerifier [0x00007FF687336CAD+3738973]\n\tGetHandleVerifier [0x00007FF68738C506+4089270]\n\tGetHandleVerifier [0x00007FF687384823+4057299]\n\tGetHandleVerifier [0x00007FF687055C49+720121]\n\t(No symbol) [0x00007FF686F3126F]\n\t(No symbol) [0x00007FF686F2C304]\n\t(No symbol) [0x00007FF686F2C432]\n\t(No symbol) [0x00007FF686F1BD04]\n\tBaseThreadInitThunk [0x00007FFC047B257D+29]\n\tRtlUserThreadStart [0x00007FFC05C0AF28+40]\n\r\n\tat java.base/jdk.internal.reflect.NativeConstructorAccessorImpl.newInstance0(Native Method)\r\n\tat java.base/jdk.internal.reflect.NativeConstructorAccessorImpl.newInstance(NativeConstructorAccessorImpl.java:77)\r\n\tat java.base/jdk.internal.reflect.DelegatingConstructorAccessorImpl.newInstance(DelegatingConstructorAccessorImpl.java:45)\r\n\tat java.base/java.lang.reflect.Constructor.newInstanceWithCaller(Constructor.java:499)\r\n\tat java.base/java.lang.reflect.Constructor.newInstance(Constructor.java:480)\r\n\tat org.openqa.selenium.remote.W3CHandshakeResponse.lambda$errorHandler$0(W3CHandshakeResponse.java:62)\r\n\tat org.openqa.selenium.remote.HandshakeResponse.lambda$getResponseFunction$0(HandshakeResponse.java:30)\r\n\tat org.openqa.selenium.remote.ProtocolHandshake.lambda$createSession$0(ProtocolHandshake.java:126)\r\n\tat java.base/java.util.stream.ReferencePipeline$3$1.accept(ReferencePipeline.java:197)\r\n\tat java.base/java.util.Spliterators$ArraySpliterator.tryAdvance(Spliterators.java:1002)\r\n\tat java.base/java.util.stream.ReferencePipeline.forEachWithCancel(ReferencePipeline.java:129)\r\n\tat java.base/java.util.stream.AbstractPipeline.copyIntoWithCancel(AbstractPipeline.java:527)\r\n\tat java.base/java.util.stream.AbstractPipeline.copyInto(AbstractPipeline.java:513)\r\n\tat java.base/java.util.stream.AbstractPipeline.wrapAndCopyInto(AbstractPipeline.java:499)\r\n\tat java.base/java.util.stream.FindOps$FindOp.evaluateSequential(FindOps.java:150)\r\n\tat java.base/java.util.stream.AbstractPipeline.evaluate(AbstractPipeline.java:234)\r\n\tat java.base/java.util.stream.ReferencePipeline.findFirst(ReferencePipeline.java:647)\r\n\tat org.openqa.selenium.remote.ProtocolHandshake.createSession(ProtocolHandshake.java:128)\r\n\tat org.openqa.selenium.remote.ProtocolHandshake.createSession(ProtocolHandshake.java:74)\r\n\tat org.openqa.selenium.remote.HttpCommandExecutor.execute(HttpCommandExecutor.java:136)\r\n\tat org.openqa.selenium.remote.service.DriverCommandExecutor.execute(DriverCommandExecutor.java:83)\r\n\tat org.openqa.selenium.remote.RemoteWebDriver.execute(RemoteWebDriver.java:552)\r\n\tat org.openqa.selenium.remote.RemoteWebDriver.startSession(RemoteWebDriver.java:213)\r\n\tat org.openqa.selenium.remote.RemoteWebDriver.<init>(RemoteWebDriver.java:131)\r\n\tat org.openqa.selenium.chrome.ChromeDriver.<init>(ChromeDriver.java:181)\r\n\tat org.openqa.selenium.chrome.ChromeDriver.<init>(ChromeDriver.java:168)\r\n\tat org.openqa.selenium.chrome.ChromeDriver.<init>(ChromeDriver.java:123)\r\n\tat stepdefinition.Suport_TestScript.i_navigate_To_Application_open_URl(Suport_TestScript.java:37)\r\n\tat ✽.I navigate To Application open URl(file:src/test/resources/features/Support.feature:16)\r\n"},"stage":"finished","steps":[],"attachments":[],"parameters":[],"start":1725428403583,"stop":1725428405063},{"name":"When  user Enter Username and Password By click on Login button","status":"skipped","statusDetails":{"known":false,"muted":false,"flaky":false},"stage":"finished","steps":[],"attachments":[],"parameters":[],"start":1725428405063,"stop":1725428405063},{"name":"Then  Login sucessfully","status":"skipped","statusDetails":{"known":false,"muted":false,"flaky":false},"stage":"finished","steps":[],"attachments":[],"parameters":[],"start":1725428405063,"stop":1725428405063},{"name":"And  User is in VtigercRM home page","status":"skipped","statusDetails":{"known":false,"muted":false,"flaky":false},"stage":"finished","steps":[],"attachments":[],"parameters":[],"start":1725428405063,"stop":1725428405063},{"name":"And  User has click on Support tab","status":"skipped","statusDetails":{"known":false,"muted":false,"flaky":false},"stage":"finished","steps":[],"attachments":[],"parameters":[],"start":1725428405063,"stop":1725428405063},{"name":"And  User has click on Documents tab","status":"skipped","statusDetails":{"known":false,"muted":false,"flaky":false},"stage":"finished","steps":[],"attachments":[],"parameters":[],"start":1725428405063,"stop":1725428405063},{"name":"And  User verify the Creating Documents in Support Tab by click on Save button","status":"skipped","statusDetails":{"known":false,"muted":false,"flaky":false},"stage":"finished","steps":[],"attachments":[],"parameters":[],"start":1725428405063,"stop":1725428405063}],"attachments":[],"parameters":[],"start":1725428403583,"stop":1725428405063,"uuid":"51cad989-68ac-4c49-940b-1eef654c6744","historyId":"64b1168b847b48afaed8593a7423c705","fullName":"Validating the Support Page: verify the Creating Documents Functionality","labels":[{"name":"tag","value":"Regression"},{"name":"tag","value":"Support_2"},{"name":"tag","value":"TC_002"},{"name":"host","value":"DESKTOP-MVHKLV0"},{"name":"thread","value":"20620@DESKTOP-MVHKLV0.main(1)"},{"name":"feature","value":"Validating the Support Page"},{"name":"story","value":"verify the Creating Documents Functionality"},{"name":"package","value":"src.test.resources.features.Validating the Support Page"},{"name":"suite","value":"Validating the Support Page"},{"name":"testClass","value":"verify the Creating Documents Functionality"},{"name":"framework","value":"cucumber4jvm"},{"name":"language","value":"java"},{"name":"gherkin_uri","value":"file:src/test/resources/features/Support.feature"}],"links":[]}