{"name":"verify the Vtiger Login Page","status":"broken","statusDetails":{"known":false,"muted":false,"flaky":false,"message":"session not created: This version of ChromeDriver only supports Chrome version 116\nCurrent browser version is 128.0.6613.114 with binary path C:\\Program Files\\Google\\Chrome\\Application\\chrome.exe\nBuild info: version: '3.141.59', revision: 'e82be7d358', time: '2018-11-14T08:17:03'\nSystem info: host: 'DESKTOP-MVHKLV0', ip: '192.168.0.101', os.name: 'Windows 11', os.arch: 'amd64', os.version: '10.0', java.version: '17.0.8'\nDriver info: driver.version: ChromeDriver\nremote stacktrace: \tGetHandleVerifier [0x003837C3+48947]\n\t(No symbol) [0x00318551]\n\t(No symbol) [0x0021C92D]\n\t(No symbol) [0x0023F180]\n\t(No symbol) [0x0023B178]\n\t(No symbol) [0x0023950E]\n\t(No symbol) [0x0026B840]\n\t(No symbol) [0x0026B3CC]\n\t(No symbol) [0x00264E86]\n\t(No symbol) [0x002416C7]\n\t(No symbol) [0x0024284D]\n\tGetHandleVerifier [0x005CFDF9+2458985]\n\tGetHandleVerifier [0x0061744F+2751423]\n\tGetHandleVerifier [0x00611361+2726609]\n\tGetHandleVerifier [0x00400680+560624]\n\t(No symbol) [0x0032238C]\n\t(No symbol) [0x0031E268]\n\t(No symbol) [0x0031E392]\n\t(No symbol) [0x003110B7]\n\tBaseThreadInitThunk [0x766B7BA9+25]\n\tRtlInitializeExceptionChain [0x7753C10B+107]\n\tRtlClearBits [0x7753C08F+191]\n","trace":"org.openqa.selenium.SessionNotCreatedException: session not created: This version of ChromeDriver only supports Chrome version 116\nCurrent browser version is 128.0.6613.114 with binary path C:\\Program Files\\Google\\Chrome\\Application\\chrome.exe\nBuild info: version: '3.141.59', revision: 'e82be7d358', time: '2018-11-14T08:17:03'\nSystem info: host: 'DESKTOP-MVHKLV0', ip: '192.168.0.101', os.name: 'Windows 11', os.arch: 'amd64', os.version: '10.0', java.version: '17.0.8'\nDriver info: driver.version: ChromeDriver\nremote stacktrace: \tGetHandleVerifier [0x003837C3+48947]\n\t(No symbol) [0x00318551]\n\t(No symbol) [0x0021C92D]\n\t(No symbol) [0x0023F180]\n\t(No symbol) [0x0023B178]\n\t(No symbol) [0x0023950E]\n\t(No symbol) [0x0026B840]\n\t(No symbol) [0x0026B3CC]\n\t(No symbol) [0x00264E86]\n\t(No symbol) [0x002416C7]\n\t(No symbol) [0x0024284D]\n\tGetHandleVerifier [0x005CFDF9+2458985]\n\tGetHandleVerifier [0x0061744F+2751423]\n\tGetHandleVerifier [0x00611361+2726609]\n\tGetHandleVerifier [0x00400680+560624]\n\t(No symbol) [0x0032238C]\n\t(No symbol) [0x0031E268]\n\t(No symbol) [0x0031E392]\n\t(No symbol) [0x003110B7]\n\tBaseThreadInitThunk [0x766B7BA9+25]\n\tRtlInitializeExceptionChain [0x7753C10B+107]\n\tRtlClearBits [0x7753C08F+191]\n\r\n\tat java.base/jdk.internal.reflect.NativeConstructorAccessorImpl.newInstance0(Native Method)\r\n\tat java.base/jdk.internal.reflect.NativeConstructorAccessorImpl.newInstance(NativeConstructorAccessorImpl.java:77)\r\n\tat java.base/jdk.internal.reflect.DelegatingConstructorAccessorImpl.newInstance(DelegatingConstructorAccessorImpl.java:45)\r\n\tat java.base/java.lang.reflect.Constructor.newInstanceWithCaller(Constructor.java:499)\r\n\tat java.base/java.lang.reflect.Constructor.newInstance(Constructor.java:480)\r\n\tat org.openqa.selenium.remote.W3CHandshakeResponse.lambda$errorHandler$0(W3CHandshakeResponse.java:62)\r\n\tat org.openqa.selenium.remote.HandshakeResponse.lambda$getResponseFunction$0(HandshakeResponse.java:30)\r\n\tat org.openqa.selenium.remote.ProtocolHandshake.lambda$createSession$0(ProtocolHandshake.java:126)\r\n\tat java.base/java.util.stream.ReferencePipeline$3$1.accept(ReferencePipeline.java:197)\r\n\tat java.base/java.util.Spliterators$ArraySpliterator.tryAdvance(Spliterators.java:1002)\r\n\tat java.base/java.util.stream.ReferencePipeline.forEachWithCancel(ReferencePipeline.java:129)\r\n\tat java.base/java.util.stream.AbstractPipeline.copyIntoWithCancel(AbstractPipeline.java:527)\r\n\tat java.base/java.util.stream.AbstractPipeline.copyInto(AbstractPipeline.java:513)\r\n\tat java.base/java.util.stream.AbstractPipeline.wrapAndCopyInto(AbstractPipeline.java:499)\r\n\tat java.base/java.util.stream.FindOps$FindOp.evaluateSequential(FindOps.java:150)\r\n\tat java.base/java.util.stream.AbstractPipeline.evaluate(AbstractPipeline.java:234)\r\n\tat java.base/java.util.stream.ReferencePipeline.findFirst(ReferencePipeline.java:647)\r\n\tat org.openqa.selenium.remote.ProtocolHandshake.createSession(ProtocolHandshake.java:128)\r\n\tat org.openqa.selenium.remote.ProtocolHandshake.createSession(ProtocolHandshake.java:74)\r\n\tat org.openqa.selenium.remote.HttpCommandExecutor.execute(HttpCommandExecutor.java:136)\r\n\tat org.openqa.selenium.remote.service.DriverCommandExecutor.execute(DriverCommandExecutor.java:83)\r\n\tat org.openqa.selenium.remote.RemoteWebDriver.execute(RemoteWebDriver.java:552)\r\n\tat org.openqa.selenium.remote.RemoteWebDriver.startSession(RemoteWebDriver.java:213)\r\n\tat org.openqa.selenium.remote.RemoteWebDriver.<init>(RemoteWebDriver.java:131)\r\n\tat org.openqa.selenium.chrome.ChromeDriver.<init>(ChromeDriver.java:181)\r\n\tat org.openqa.selenium.chrome.ChromeDriver.<init>(ChromeDriver.java:168)\r\n\tat org.openqa.selenium.chrome.ChromeDriver.<init>(ChromeDriver.java:123)\r\n\tat stepdefinition.Marketing_TestScript.i_navigate_to_application_open_URL(Marketing_TestScript.java:36)\r\n\tat ✽.I navigate to application open URL(file:src/test/resources/features/Marketing.feature:14)\r\n"},"stage":"finished","steps":[{"name":"Given  I navigate to application open URL","status":"broken","statusDetails":{"known":false,"muted":false,"flaky":false,"message":"session not created: This version of ChromeDriver only supports Chrome version 116\nCurrent browser version is 128.0.6613.114 with binary path C:\\Program Files\\Google\\Chrome\\Application\\chrome.exe\nBuild info: version: '3.141.59', revision: 'e82be7d358', time: '2018-11-14T08:17:03'\nSystem info: host: 'DESKTOP-MVHKLV0', ip: '192.168.0.101', os.name: 'Windows 11', os.arch: 'amd64', os.version: '10.0', java.version: '17.0.8'\nDriver info: driver.version: ChromeDriver\nremote stacktrace: \tGetHandleVerifier [0x003837C3+48947]\n\t(No symbol) [0x00318551]\n\t(No symbol) [0x0021C92D]\n\t(No symbol) [0x0023F180]\n\t(No symbol) [0x0023B178]\n\t(No symbol) [0x0023950E]\n\t(No symbol) [0x0026B840]\n\t(No symbol) [0x0026B3CC]\n\t(No symbol) [0x00264E86]\n\t(No symbol) [0x002416C7]\n\t(No symbol) [0x0024284D]\n\tGetHandleVerifier [0x005CFDF9+2458985]\n\tGetHandleVerifier [0x0061744F+2751423]\n\tGetHandleVerifier [0x00611361+2726609]\n\tGetHandleVerifier [0x00400680+560624]\n\t(No symbol) [0x0032238C]\n\t(No symbol) [0x0031E268]\n\t(No symbol) [0x0031E392]\n\t(No symbol) [0x003110B7]\n\tBaseThreadInitThunk [0x766B7BA9+25]\n\tRtlInitializeExceptionChain [0x7753C10B+107]\n\tRtlClearBits [0x7753C08F+191]\n","trace":"org.openqa.selenium.SessionNotCreatedException: session not created: This version of ChromeDriver only supports Chrome version 116\nCurrent browser version is 128.0.6613.114 with binary path C:\\Program Files\\Google\\Chrome\\Application\\chrome.exe\nBuild info: version: '3.141.59', revision: 'e82be7d358', time: '2018-11-14T08:17:03'\nSystem info: host: 'DESKTOP-MVHKLV0', ip: '192.168.0.101', os.name: 'Windows 11', os.arch: 'amd64', os.version: '10.0', java.version: '17.0.8'\nDriver info: driver.version: ChromeDriver\nremote stacktrace: \tGetHandleVerifier [0x003837C3+48947]\n\t(No symbol) [0x00318551]\n\t(No symbol) [0x0021C92D]\n\t(No symbol) [0x0023F180]\n\t(No symbol) [0x0023B178]\n\t(No symbol) [0x0023950E]\n\t(No symbol) [0x0026B840]\n\t(No symbol) [0x0026B3CC]\n\t(No symbol) [0x00264E86]\n\t(No symbol) [0x002416C7]\n\t(No symbol) [0x0024284D]\n\tGetHandleVerifier [0x005CFDF9+2458985]\n\tGetHandleVerifier [0x0061744F+2751423]\n\tGetHandleVerifier [0x00611361+2726609]\n\tGetHandleVerifier [0x00400680+560624]\n\t(No symbol) [0x0032238C]\n\t(No symbol) [0x0031E268]\n\t(No symbol) [0x0031E392]\n\t(No symbol) [0x003110B7]\n\tBaseThreadInitThunk [0x766B7BA9+25]\n\tRtlInitializeExceptionChain [0x7753C10B+107]\n\tRtlClearBits [0x7753C08F+191]\n\r\n\tat java.base/jdk.internal.reflect.NativeConstructorAccessorImpl.newInstance0(Native Method)\r\n\tat java.base/jdk.internal.reflect.NativeConstructorAccessorImpl.newInstance(NativeConstructorAccessorImpl.java:77)\r\n\tat java.base/jdk.internal.reflect.DelegatingConstructorAccessorImpl.newInstance(DelegatingConstructorAccessorImpl.java:45)\r\n\tat java.base/java.lang.reflect.Constructor.newInstanceWithCaller(Constructor.java:499)\r\n\tat java.base/java.lang.reflect.Constructor.newInstance(Constructor.java:480)\r\n\tat org.openqa.selenium.remote.W3CHandshakeResponse.lambda$errorHandler$0(W3CHandshakeResponse.java:62)\r\n\tat org.openqa.selenium.remote.HandshakeResponse.lambda$getResponseFunction$0(HandshakeResponse.java:30)\r\n\tat org.openqa.selenium.remote.ProtocolHandshake.lambda$createSession$0(ProtocolHandshake.java:126)\r\n\tat java.base/java.util.stream.ReferencePipeline$3$1.accept(ReferencePipeline.java:197)\r\n\tat java.base/java.util.Spliterators$ArraySpliterator.tryAdvance(Spliterators.java:1002)\r\n\tat java.base/java.util.stream.ReferencePipeline.forEachWithCancel(ReferencePipeline.java:129)\r\n\tat java.base/java.util.stream.AbstractPipeline.copyIntoWithCancel(AbstractPipeline.java:527)\r\n\tat java.base/java.util.stream.AbstractPipeline.copyInto(AbstractPipeline.java:513)\r\n\tat java.base/java.util.stream.AbstractPipeline.wrapAndCopyInto(AbstractPipeline.java:499)\r\n\tat java.base/java.util.stream.FindOps$FindOp.evaluateSequential(FindOps.java:150)\r\n\tat java.base/java.util.stream.AbstractPipeline.evaluate(AbstractPipeline.java:234)\r\n\tat java.base/java.util.stream.ReferencePipeline.findFirst(ReferencePipeline.java:647)\r\n\tat org.openqa.selenium.remote.ProtocolHandshake.createSession(ProtocolHandshake.java:128)\r\n\tat org.openqa.selenium.remote.ProtocolHandshake.createSession(ProtocolHandshake.java:74)\r\n\tat org.openqa.selenium.remote.HttpCommandExecutor.execute(HttpCommandExecutor.java:136)\r\n\tat org.openqa.selenium.remote.service.DriverCommandExecutor.execute(DriverCommandExecutor.java:83)\r\n\tat org.openqa.selenium.remote.RemoteWebDriver.execute(RemoteWebDriver.java:552)\r\n\tat org.openqa.selenium.remote.RemoteWebDriver.startSession(RemoteWebDriver.java:213)\r\n\tat org.openqa.selenium.remote.RemoteWebDriver.<init>(RemoteWebDriver.java:131)\r\n\tat org.openqa.selenium.chrome.ChromeDriver.<init>(ChromeDriver.java:181)\r\n\tat org.openqa.selenium.chrome.ChromeDriver.<init>(ChromeDriver.java:168)\r\n\tat org.openqa.selenium.chrome.ChromeDriver.<init>(ChromeDriver.java:123)\r\n\tat stepdefinition.Marketing_TestScript.i_navigate_to_application_open_URL(Marketing_TestScript.java:36)\r\n\tat ✽.I navigate to application open URL(file:src/test/resources/features/Marketing.feature:14)\r\n"},"stage":"finished","steps":[],"attachments":[],"parameters":[],"start":1725428395572,"stop":1725428402030},{"name":"When  User Enter Username and Password by click on login Button","status":"skipped","statusDetails":{"known":false,"muted":false,"flaky":false},"stage":"finished","steps":[],"attachments":[],"parameters":[],"start":1725428402030,"stop":1725428402030},{"name":"Then  Login sucessfully","status":"skipped","statusDetails":{"known":false,"muted":false,"flaky":false},"stage":"finished","steps":[],"attachments":[],"parameters":[],"start":1725428402030,"stop":1725428402030},{"name":"And  User is in VtigerCRM Home page","status":"skipped","statusDetails":{"known":false,"muted":false,"flaky":false},"stage":"finished","steps":[],"attachments":[],"parameters":[],"start":1725428402030,"stop":1725428402030},{"name":"And  User has click on Marketing tab","status":"skipped","statusDetails":{"known":false,"muted":false,"flaky":false},"stage":"finished","steps":[],"attachments":[],"parameters":[],"start":1725428402030,"stop":1725428402030},{"name":"And  User verify the Creating New Campaign in Marketing by click on Save button","status":"skipped","statusDetails":{"known":false,"muted":false,"flaky":false},"stage":"finished","steps":[],"attachments":[],"parameters":[],"start":1725428402030,"stop":1725428402030}],"attachments":[],"parameters":[],"start":1725428395565,"stop":1725428402030,"uuid":"9f9016a1-39c7-4b53-936a-b37d5b8f06dc","historyId":"4128f89c04cc79aaede316eb85c31caa","fullName":"Validating Marketing page: verify the Vtiger Login Page","labels":[{"name":"tag","value":"Regression"},{"name":"tag","value":"Marketing_2"},{"name":"tag","value":"TC_002"},{"name":"host","value":"DESKTOP-MVHKLV0"},{"name":"thread","value":"20620@DESKTOP-MVHKLV0.main(1)"},{"name":"feature","value":"Validating Marketing page"},{"name":"story","value":"verify the Vtiger Login Page"},{"name":"package","value":"src.test.resources.features.Validating Marketing page"},{"name":"suite","value":"Validating Marketing page"},{"name":"testClass","value":"verify the Vtiger Login Page"},{"name":"framework","value":"cucumber4jvm"},{"name":"language","value":"java"},{"name":"gherkin_uri","value":"file:src/test/resources/features/Marketing.feature"}],"links":[]}