{"name":"verify the Vtiger Login Page","status":"broken","statusDetails":{"known":false,"muted":false,"flaky":false,"message":"session not created: This version of ChromeDriver only supports Chrome version 119\nCurrent browser version is 128.0.6613.114 with binary path C:\\Program Files\\Google\\Chrome\\Application\\chrome.exe\nBuild info: version: '3.141.59', revision: 'e82be7d358', time: '2018-11-14T08:17:03'\nSystem info: host: 'DESKTOP-MVHKLV0', ip: '192.168.0.101', os.name: 'Windows 11', os.arch: 'amd64', os.version: '10.0', java.version: '17.0.8'\nDriver info: driver.version: ChromeDriver\nremote stacktrace: \tGetHandleVerifier [0x011E72A3+45731]\n\t(No symbol) [0x01172D51]\n\t(No symbol) [0x0106880D]\n\t(No symbol) [0x01091281]\n\t(No symbol) [0x01090A9A]\n\t(No symbol) [0x0108D3C2]\n\t(No symbol) [0x0108A310]\n\t(No symbol) [0x010BEB26]\n\t(No symbol) [0x010BE6BC]\n\t(No symbol) [0x010B7DD6]\n\t(No symbol) [0x010931F6]\n\t(No symbol) [0x0109439D]\n\tGetHandleVerifier [0x014F0716+3229462]\n\tGetHandleVerifier [0x015384C8+3523784]\n\tGetHandleVerifier [0x0153214C+3498316]\n\tGetHandleVerifier [0x01271680+611968]\n\t(No symbol) [0x0117CCCC]\n\t(No symbol) [0x01178DF8]\n\t(No symbol) [0x01178F1D]\n\t(No symbol) [0x0116B2C7]\n\tBaseThreadInitThunk [0x766B7BA9+25]\n\tRtlInitializeExceptionChain [0x7753C10B+107]\n\tRtlClearBits [0x7753C08F+191]\n","trace":"org.openqa.selenium.SessionNotCreatedException: session not created: This version of ChromeDriver only supports Chrome version 119\nCurrent browser version is 128.0.6613.114 with binary path C:\\Program Files\\Google\\Chrome\\Application\\chrome.exe\nBuild info: version: '3.141.59', revision: 'e82be7d358', time: '2018-11-14T08:17:03'\nSystem info: host: 'DESKTOP-MVHKLV0', ip: '192.168.0.101', os.name: 'Windows 11', os.arch: 'amd64', os.version: '10.0', java.version: '17.0.8'\nDriver info: driver.version: ChromeDriver\nremote stacktrace: \tGetHandleVerifier [0x011E72A3+45731]\n\t(No symbol) [0x01172D51]\n\t(No symbol) [0x0106880D]\n\t(No symbol) [0x01091281]\n\t(No symbol) [0x01090A9A]\n\t(No symbol) [0x0108D3C2]\n\t(No symbol) [0x0108A310]\n\t(No symbol) [0x010BEB26]\n\t(No symbol) [0x010BE6BC]\n\t(No symbol) [0x010B7DD6]\n\t(No symbol) [0x010931F6]\n\t(No symbol) [0x0109439D]\n\tGetHandleVerifier [0x014F0716+3229462]\n\tGetHandleVerifier [0x015384C8+3523784]\n\tGetHandleVerifier [0x0153214C+3498316]\n\tGetHandleVerifier [0x01271680+611968]\n\t(No symbol) [0x0117CCCC]\n\t(No symbol) [0x01178DF8]\n\t(No symbol) [0x01178F1D]\n\t(No symbol) [0x0116B2C7]\n\tBaseThreadInitThunk [0x766B7BA9+25]\n\tRtlInitializeExceptionChain [0x7753C10B+107]\n\tRtlClearBits [0x7753C08F+191]\n\r\n\tat java.base/jdk.internal.reflect.NativeConstructorAccessorImpl.newInstance0(Native Method)\r\n\tat java.base/jdk.internal.reflect.NativeConstructorAccessorImpl.newInstance(NativeConstructorAccessorImpl.java:77)\r\n\tat java.base/jdk.internal.reflect.DelegatingConstructorAccessorImpl.newInstance(DelegatingConstructorAccessorImpl.java:45)\r\n\tat java.base/java.lang.reflect.Constructor.newInstanceWithCaller(Constructor.java:499)\r\n\tat java.base/java.lang.reflect.Constructor.newInstance(Constructor.java:480)\r\n\tat org.openqa.selenium.remote.W3CHandshakeResponse.lambda$errorHandler$0(W3CHandshakeResponse.java:62)\r\n\tat org.openqa.selenium.remote.HandshakeResponse.lambda$getResponseFunction$0(HandshakeResponse.java:30)\r\n\tat org.openqa.selenium.remote.ProtocolHandshake.lambda$createSession$0(ProtocolHandshake.java:126)\r\n\tat java.base/java.util.stream.ReferencePipeline$3$1.accept(ReferencePipeline.java:197)\r\n\tat java.base/java.util.Spliterators$ArraySpliterator.tryAdvance(Spliterators.java:1002)\r\n\tat java.base/java.util.stream.ReferencePipeline.forEachWithCancel(ReferencePipeline.java:129)\r\n\tat java.base/java.util.stream.AbstractPipeline.copyIntoWithCancel(AbstractPipeline.java:527)\r\n\tat java.base/java.util.stream.AbstractPipeline.copyInto(AbstractPipeline.java:513)\r\n\tat java.base/java.util.stream.AbstractPipeline.wrapAndCopyInto(AbstractPipeline.java:499)\r\n\tat java.base/java.util.stream.FindOps$FindOp.evaluateSequential(FindOps.java:150)\r\n\tat java.base/java.util.stream.AbstractPipeline.evaluate(AbstractPipeline.java:234)\r\n\tat java.base/java.util.stream.ReferencePipeline.findFirst(ReferencePipeline.java:647)\r\n\tat org.openqa.selenium.remote.ProtocolHandshake.createSession(ProtocolHandshake.java:128)\r\n\tat org.openqa.selenium.remote.ProtocolHandshake.createSession(ProtocolHandshake.java:74)\r\n\tat org.openqa.selenium.remote.HttpCommandExecutor.execute(HttpCommandExecutor.java:136)\r\n\tat org.openqa.selenium.remote.service.DriverCommandExecutor.execute(DriverCommandExecutor.java:83)\r\n\tat org.openqa.selenium.remote.RemoteWebDriver.execute(RemoteWebDriver.java:552)\r\n\tat org.openqa.selenium.remote.RemoteWebDriver.startSession(RemoteWebDriver.java:213)\r\n\tat org.openqa.selenium.remote.RemoteWebDriver.<init>(RemoteWebDriver.java:131)\r\n\tat org.openqa.selenium.chrome.ChromeDriver.<init>(ChromeDriver.java:181)\r\n\tat org.openqa.selenium.chrome.ChromeDriver.<init>(ChromeDriver.java:168)\r\n\tat org.openqa.selenium.chrome.ChromeDriver.<init>(ChromeDriver.java:123)\r\n\tat stepdefinition.Tools_TestScript.i_navigate_to_application_Open_URl(Tools_TestScript.java:39)\r\n\tat ✽.I navigate to application Open URl(file:src/test/resources/features/Tools.feature:14)\r\n"},"stage":"finished","steps":[{"name":"Given  I navigate to application Open URl","status":"broken","statusDetails":{"known":false,"muted":false,"flaky":false,"message":"session not created: This version of ChromeDriver only supports Chrome version 119\nCurrent browser version is 128.0.6613.114 with binary path C:\\Program Files\\Google\\Chrome\\Application\\chrome.exe\nBuild info: version: '3.141.59', revision: 'e82be7d358', time: '2018-11-14T08:17:03'\nSystem info: host: 'DESKTOP-MVHKLV0', ip: '192.168.0.101', os.name: 'Windows 11', os.arch: 'amd64', os.version: '10.0', java.version: '17.0.8'\nDriver info: driver.version: ChromeDriver\nremote stacktrace: \tGetHandleVerifier [0x011E72A3+45731]\n\t(No symbol) [0x01172D51]\n\t(No symbol) [0x0106880D]\n\t(No symbol) [0x01091281]\n\t(No symbol) [0x01090A9A]\n\t(No symbol) [0x0108D3C2]\n\t(No symbol) [0x0108A310]\n\t(No symbol) [0x010BEB26]\n\t(No symbol) [0x010BE6BC]\n\t(No symbol) [0x010B7DD6]\n\t(No symbol) [0x010931F6]\n\t(No symbol) [0x0109439D]\n\tGetHandleVerifier [0x014F0716+3229462]\n\tGetHandleVerifier [0x015384C8+3523784]\n\tGetHandleVerifier [0x0153214C+3498316]\n\tGetHandleVerifier [0x01271680+611968]\n\t(No symbol) [0x0117CCCC]\n\t(No symbol) [0x01178DF8]\n\t(No symbol) [0x01178F1D]\n\t(No symbol) [0x0116B2C7]\n\tBaseThreadInitThunk [0x766B7BA9+25]\n\tRtlInitializeExceptionChain [0x7753C10B+107]\n\tRtlClearBits [0x7753C08F+191]\n","trace":"org.openqa.selenium.SessionNotCreatedException: session not created: This version of ChromeDriver only supports Chrome version 119\nCurrent browser version is 128.0.6613.114 with binary path C:\\Program Files\\Google\\Chrome\\Application\\chrome.exe\nBuild info: version: '3.141.59', revision: 'e82be7d358', time: '2018-11-14T08:17:03'\nSystem info: host: 'DESKTOP-MVHKLV0', ip: '192.168.0.101', os.name: 'Windows 11', os.arch: 'amd64', os.version: '10.0', java.version: '17.0.8'\nDriver info: driver.version: ChromeDriver\nremote stacktrace: \tGetHandleVerifier [0x011E72A3+45731]\n\t(No symbol) [0x01172D51]\n\t(No symbol) [0x0106880D]\n\t(No symbol) [0x01091281]\n\t(No symbol) [0x01090A9A]\n\t(No symbol) [0x0108D3C2]\n\t(No symbol) [0x0108A310]\n\t(No symbol) [0x010BEB26]\n\t(No symbol) [0x010BE6BC]\n\t(No symbol) [0x010B7DD6]\n\t(No symbol) [0x010931F6]\n\t(No symbol) [0x0109439D]\n\tGetHandleVerifier [0x014F0716+3229462]\n\tGetHandleVerifier [0x015384C8+3523784]\n\tGetHandleVerifier [0x0153214C+3498316]\n\tGetHandleVerifier [0x01271680+611968]\n\t(No symbol) [0x0117CCCC]\n\t(No symbol) [0x01178DF8]\n\t(No symbol) [0x01178F1D]\n\t(No symbol) [0x0116B2C7]\n\tBaseThreadInitThunk [0x766B7BA9+25]\n\tRtlInitializeExceptionChain [0x7753C10B+107]\n\tRtlClearBits [0x7753C08F+191]\n\r\n\tat java.base/jdk.internal.reflect.NativeConstructorAccessorImpl.newInstance0(Native Method)\r\n\tat java.base/jdk.internal.reflect.NativeConstructorAccessorImpl.newInstance(NativeConstructorAccessorImpl.java:77)\r\n\tat java.base/jdk.internal.reflect.DelegatingConstructorAccessorImpl.newInstance(DelegatingConstructorAccessorImpl.java:45)\r\n\tat java.base/java.lang.reflect.Constructor.newInstanceWithCaller(Constructor.java:499)\r\n\tat java.base/java.lang.reflect.Constructor.newInstance(Constructor.java:480)\r\n\tat org.openqa.selenium.remote.W3CHandshakeResponse.lambda$errorHandler$0(W3CHandshakeResponse.java:62)\r\n\tat org.openqa.selenium.remote.HandshakeResponse.lambda$getResponseFunction$0(HandshakeResponse.java:30)\r\n\tat org.openqa.selenium.remote.ProtocolHandshake.lambda$createSession$0(ProtocolHandshake.java:126)\r\n\tat java.base/java.util.stream.ReferencePipeline$3$1.accept(ReferencePipeline.java:197)\r\n\tat java.base/java.util.Spliterators$ArraySpliterator.tryAdvance(Spliterators.java:1002)\r\n\tat java.base/java.util.stream.ReferencePipeline.forEachWithCancel(ReferencePipeline.java:129)\r\n\tat java.base/java.util.stream.AbstractPipeline.copyIntoWithCancel(AbstractPipeline.java:527)\r\n\tat java.base/java.util.stream.AbstractPipeline.copyInto(AbstractPipeline.java:513)\r\n\tat java.base/java.util.stream.AbstractPipeline.wrapAndCopyInto(AbstractPipeline.java:499)\r\n\tat java.base/java.util.stream.FindOps$FindOp.evaluateSequential(FindOps.java:150)\r\n\tat java.base/java.util.stream.AbstractPipeline.evaluate(AbstractPipeline.java:234)\r\n\tat java.base/java.util.stream.ReferencePipeline.findFirst(ReferencePipeline.java:647)\r\n\tat org.openqa.selenium.remote.ProtocolHandshake.createSession(ProtocolHandshake.java:128)\r\n\tat org.openqa.selenium.remote.ProtocolHandshake.createSession(ProtocolHandshake.java:74)\r\n\tat org.openqa.selenium.remote.HttpCommandExecutor.execute(HttpCommandExecutor.java:136)\r\n\tat org.openqa.selenium.remote.service.DriverCommandExecutor.execute(DriverCommandExecutor.java:83)\r\n\tat org.openqa.selenium.remote.RemoteWebDriver.execute(RemoteWebDriver.java:552)\r\n\tat org.openqa.selenium.remote.RemoteWebDriver.startSession(RemoteWebDriver.java:213)\r\n\tat org.openqa.selenium.remote.RemoteWebDriver.<init>(RemoteWebDriver.java:131)\r\n\tat org.openqa.selenium.chrome.ChromeDriver.<init>(ChromeDriver.java:181)\r\n\tat org.openqa.selenium.chrome.ChromeDriver.<init>(ChromeDriver.java:168)\r\n\tat org.openqa.selenium.chrome.ChromeDriver.<init>(ChromeDriver.java:123)\r\n\tat stepdefinition.Tools_TestScript.i_navigate_to_application_Open_URl(Tools_TestScript.java:39)\r\n\tat ✽.I navigate to application Open URl(file:src/test/resources/features/Tools.feature:14)\r\n"},"stage":"finished","steps":[],"attachments":[],"parameters":[],"start":1725428405084,"stop":1725428405993},{"name":"When  User Enter Username and Password by click On login Button","status":"skipped","statusDetails":{"known":false,"muted":false,"flaky":false},"stage":"finished","steps":[],"attachments":[],"parameters":[],"start":1725428405993,"stop":1725428405994},{"name":"Then  Login SucessfullY","status":"skipped","statusDetails":{"known":false,"muted":false,"flaky":false},"stage":"finished","steps":[],"attachments":[],"parameters":[],"start":1725428405994,"stop":1725428405994},{"name":"And  User is in vtigerCRM Home page","status":"skipped","statusDetails":{"known":false,"muted":false,"flaky":false},"stage":"finished","steps":[],"attachments":[],"parameters":[],"start":1725428405994,"stop":1725428405994},{"name":"And  User has click on Tools tab","status":"skipped","statusDetails":{"known":false,"muted":false,"flaky":false},"stage":"finished","steps":[],"attachments":[],"parameters":[],"start":1725428405994,"stop":1725428405994},{"name":"And  User verify the OurSites in Tools Page","status":"skipped","statusDetails":{"known":false,"muted":false,"flaky":false},"stage":"finished","steps":[],"attachments":[],"parameters":[],"start":1725428405996,"stop":1725428405996}],"attachments":[],"parameters":[],"start":1725428405084,"stop":1725428405996,"uuid":"a20c34f4-48f0-459d-a875-a593bb2fe4b2","historyId":"2ba6f5b0875e52f8a56927e19ee5a743","fullName":"Validating Tools page: verify the Vtiger Login Page","labels":[{"name":"tag","value":"Regression"},{"name":"tag","value":"Tools_2"},{"name":"tag","value":"TC_002"},{"name":"host","value":"DESKTOP-MVHKLV0"},{"name":"thread","value":"20620@DESKTOP-MVHKLV0.main(1)"},{"name":"feature","value":"Validating Tools page"},{"name":"story","value":"verify the Vtiger Login Page"},{"name":"package","value":"src.test.resources.features.Validating Tools page"},{"name":"suite","value":"Validating Tools page"},{"name":"testClass","value":"verify the Vtiger Login Page"},{"name":"framework","value":"cucumber4jvm"},{"name":"language","value":"java"},{"name":"gherkin_uri","value":"file:src/test/resources/features/Tools.feature"}],"links":[]}