<?xml version="1.0" encoding="UTF-8"?>
<testng-results ignored="0" total="0" passed="0" failed="0" skipped="0">
  <reporter-output>
  </reporter-output>
  <suite started-at="2025-06-30T19:48:24Z" name="Default suite" finished-at="2025-06-30T19:48:24Z" duration-ms="505">
    <groups>
      <group name="cucumber">
        <method signature="AbstractTestNGCucumberTests.runScenario(cucumber.api.testng.PickleEventWrapper, cucumber.api.testng.CucumberFeatureWrapper)[pri:0, instance:Testrunner.TestSuiterunner@4d518b32]" name="runScenario" class="cucumber.api.testng.AbstractTestNGCucumberTests"/>
      </group> <!-- cucumber -->
    </groups>
    <test started-at="2025-06-30T19:48:24Z" name="Default test" finished-at="2025-06-30T19:48:24Z" duration-ms="505">
      <class name="Testrunner.TestSuiterunner">
        <test-method is-config="true" signature="setUpClass()[pri:0, instance:Testrunner.TestSuiterunner@4d518b32]" started-at="2025-06-30T19:48:24Z" name="setUpClass" finished-at="2025-06-30T19:48:24Z" duration-ms="369" status="PASS">
          <reporter-output>
          </reporter-output>
        </test-method> <!-- setUpClass -->
        <test-method is-config="true" signature="tearDownClass()[pri:0, instance:Testrunner.TestSuiterunner@4d518b32]" started-at="2025-06-30T19:48:24Z" name="tearDownClass" finished-at="2025-06-30T19:48:24Z" duration-ms="10" status="PASS">
          <reporter-output>
          </reporter-output>
        </test-method> <!-- tearDownClass -->
      </class> <!-- Testrunner.TestSuiterunner -->
    </test> <!-- Default test -->
  </suite> <!-- Default suite -->
</testng-results>
