<?xml version="1.0" encoding="UTF-8"?>
<testng-results ignored="0" total="1" passed="1" failed="0" skipped="0">
  <reporter-output>
  </reporter-output>
  <suite started-at="2026-07-18T13:01:58Z" name="Default suite" finished-at="2026-07-18T13:02:44Z" duration-ms="45248">
    <groups>
      <group name="cucumber">
        <method signature="AbstractTestNGCucumberTests.runScenario(cucumber.api.testng.PickleEventWrapper, cucumber.api.testng.CucumberFeatureWrapper)[pri:0, instance:Testrunner.TestSuiterunner@11d8ae8b]" name="runScenario" class="cucumber.api.testng.AbstractTestNGCucumberTests"/>
      </group> <!-- cucumber -->
    </groups>
    <test started-at="2026-07-18T13:01:58Z" name="Default test" finished-at="2026-07-18T13:02:44Z" duration-ms="45248">
      <class name="Testrunner.TestSuiterunner">
        <test-method is-config="true" signature="setUpClass()[pri:0, instance:Testrunner.TestSuiterunner@11d8ae8b]" started-at="2026-07-18T13:01:58Z" name="setUpClass" finished-at="2026-07-18T13:01:59Z" duration-ms="1007" status="PASS">
          <reporter-output>
          </reporter-output>
        </test-method> <!-- setUpClass -->
        <test-method signature="runScenario(cucumber.api.testng.PickleEventWrapper, cucumber.api.testng.CucumberFeatureWrapper)[pri:0, instance:Testrunner.TestSuiterunner@11d8ae8b]" started-at="2026-07-18T13:02:00Z" name="runScenario" description="Runs Cucumber Scenarios" data-provider="scenarios" finished-at="2026-07-18T13:02:44Z" duration-ms="43806" status="PASS">
          <params>
            <param index="0">
              <value>
                <![CDATA["verify the Account tab in Support Page"]]>
              </value>
            </param>
            <param index="1">
              <value>
                <![CDATA["Validating Support page"]]>
              </value>
            </param>
          </params>
          <reporter-output>
          </reporter-output>
        </test-method> <!-- runScenario -->
        <test-method is-config="true" signature="tearDownClass()[pri:0, instance:Testrunner.TestSuiterunner@11d8ae8b]" started-at="2026-07-18T13:02:44Z" name="tearDownClass" finished-at="2026-07-18T13:02:44Z" duration-ms="88" status="PASS">
          <reporter-output>
          </reporter-output>
        </test-method> <!-- tearDownClass -->
      </class> <!-- Testrunner.TestSuiterunner -->
    </test> <!-- Default test -->
  </suite> <!-- Default suite -->
</testng-results>
